platforms/android/app/build/outputs/logs/manifest-merger-debug-report.txt
-- Merging decision tree log ---
manifest
ADDED from src/main/AndroidManifest.xml:2:1-26:12
INJECTED from src/main/AndroidManifest.xml:2:1-26:12
INJECTED from src/main/AndroidManifest.xml:2:1-26:12
INJECTED from src/main/AndroidManifest.xml:2:1-26:12
MERGED from [com.popdeem.sdk:sdk:1.2.9.8] AndroidManifest.xml:2:1-77:12
MERGED from [:CordovaLib] AndroidManifest.xml:20:1-27:12
MERGED from [io.realm:realm-android-library:1.2.0] AndroidManifest.xml:2:1-9:12
MERGED from [com.android.support:design:25.1.1] AndroidManifest.xml:17:1-27:12
MERGED from [com.android.support:appcompat-v7:25.1.1] AndroidManifest.xml:17:1-27:12
MERGED from [com.twitter.sdk.android:twitter:2.0.0] AndroidManifest.xml:18:1-27:12
MERGED from [com.twitter.sdk.android:tweet-composer:2.0.0] AndroidManifest.xml:18:1-39:12
MERGED from [com.twitter.sdk.android:tweet-ui:2.0.0] AndroidManifest.xml:18:1-37:12
MERGED from [com.twitter.sdk.android:twitter-core:2.0.0] AndroidManifest.xml:18:1-42:12
MERGED from [com.google.android.gms:play-services-gcm:10.2.1] AndroidManifest.xml:16:1-24:12
MERGED from [com.google.android.gms:play-services-location:10.2.1] AndroidManifest.xml:2:1-5:12
MERGED from [com.facebook.android:facebook-android-sdk:4.5.0] AndroidManifest.xml:21:1-30:12
MERGED from [com.soundcloud.android:android-crop:1.0.1] AndroidManifest.xml:2:1-10:12
MERGED from [com.wang.avi:library:2.1.3] AndroidManifest.xml:2:1-11:12
MERGED from [com.getkeepsafe.relinker:relinker:1.2.1] AndroidManifest.xml:2:1-9:12
MERGED from [com.android.support:animated-vector-drawable:25.1.1] AndroidManifest.xml:17:1-24:12
MERGED from [com.android.support:support-vector-drawable:25.1.1] AndroidManifest.xml:17:1-25:12
MERGED from [com.android.support:recyclerview-v7:25.1.1] AndroidManifest.xml:17:1-22:12
MERGED from [com.android.support:transition:25.1.1] AndroidManifest.xml:17:1-24:12
MERGED from [com.google.android.gms:play-services-iid:10.2.1] AndroidManifest.xml:16:1-24:12
MERGED from [com.google.android.gms:play-services-base:10.2.1] AndroidManifest.xml:16:1-21:12
MERGED from [com.google.android.gms:play-services-tasks:10.2.1] AndroidManifest.xml:2:1-5:12
MERGED from [com.google.android.gms:play-services-basement:10.2.1] AndroidManifest.xml:16:1-23:12
MERGED from [com.android.support:support-v4:25.1.1] AndroidManifest.xml:17:1-27:12
MERGED from [com.android.support:support-fragment:25.1.1] AndroidManifest.xml:17:1-27:12
MERGED from [com.android.support:support-core-ui:25.1.1] AndroidManifest.xml:17:1-27:12
MERGED from [com.android.support:support-media-compat:25.1.1] AndroidManifest.xml:17:1-27:12
MERGED from [com.android.support:support-core-utils:25.1.1] AndroidManifest.xml:17:1-27:12
MERGED from [com.android.support:support-compat:25.1.1] AndroidManifest.xml:17:1-27:12
MERGED from [io.fabric.sdk.android:fabric:1.3.13] AndroidManifest.xml:18:1-29:12
INJECTED from src/main/AndroidManifest.xml:2:1-26:12
INJECTED from src/main/AndroidManifest.xml:2:1-26:12
INJECTED from src/main/AndroidManifest.xml:2:1-26:12
	package
		ADDED from src/main/AndroidManifest.xml:2:102-135
		INJECTED from src/main/AndroidManifest.xml
		INJECTED from src/main/AndroidManifest.xml
	android:versionName
		ADDED from src/main/AndroidManifest.xml:2:74-101
		INJECTED from src/main/AndroidManifest.xml
		INJECTED from src/main/AndroidManifest.xml
	android:hardwareAccelerated
		ADDED from src/main/AndroidManifest.xml:2:11-45
	xmlns:android
		ADDED from src/main/AndroidManifest.xml:2:136-194
	android:versionCode
		ADDED from src/main/AndroidManifest.xml:2:46-73
		INJECTED from src/main/AndroidManifest.xml
		INJECTED from src/main/AndroidManifest.xml
supports-screens
ADDED from src/main/AndroidManifest.xml:3:5-191
	android:largeScreens
		ADDED from src/main/AndroidManifest.xml:3:49-76
	android:smallScreens
		ADDED from src/main/AndroidManifest.xml:3:132-159
	android:normalScreens
		ADDED from src/main/AndroidManifest.xml:3:77-105
	android:xlargeScreens
		ADDED from src/main/AndroidManifest.xml:3:160-188
	android:resizeable
		ADDED from src/main/AndroidManifest.xml:3:106-131
	android:anyDensity
		ADDED from src/main/AndroidManifest.xml:3:23-48
uses-permission#android.permission.INTERNET
ADDED from src/main/AndroidManifest.xml:4:5-67
MERGED from [com.twitter.sdk.android:tweet-composer:2.0.0] AndroidManifest.xml:25:5-67
MERGED from [com.twitter.sdk.android:tweet-composer:2.0.0] AndroidManifest.xml:25:5-67
MERGED from [com.twitter.sdk.android:tweet-ui:2.0.0] AndroidManifest.xml:25:5-67
MERGED from [com.twitter.sdk.android:tweet-ui:2.0.0] AndroidManifest.xml:25:5-67
MERGED from [com.twitter.sdk.android:twitter-core:2.0.0] AndroidManifest.xml:25:5-67
MERGED from [com.twitter.sdk.android:twitter-core:2.0.0] AndroidManifest.xml:25:5-67
MERGED from [com.google.android.gms:play-services-gcm:10.2.1] AndroidManifest.xml:21:5-66
MERGED from [com.google.android.gms:play-services-gcm:10.2.1] AndroidManifest.xml:21:5-66
MERGED from [com.google.android.gms:play-services-iid:10.2.1] AndroidManifest.xml:21:5-66
MERGED from [com.google.android.gms:play-services-iid:10.2.1] AndroidManifest.xml:21:5-66
MERGED from [io.fabric.sdk.android:fabric:1.3.13] AndroidManifest.xml:25:5-67
MERGED from [io.fabric.sdk.android:fabric:1.3.13] AndroidManifest.xml:25:5-67
	android:name
		ADDED from src/main/AndroidManifest.xml:4:22-64
application
ADDED from src/main/AndroidManifest.xml:5:5-20:19
MERGED from [com.popdeem.sdk:sdk:1.2.9.8] AndroidManifest.xml:11:5-75:19
MERGED from [com.popdeem.sdk:sdk:1.2.9.8] AndroidManifest.xml:11:5-75:19
MERGED from [com.android.support:design:25.1.1] AndroidManifest.xml:25:5-20
MERGED from [com.android.support:design:25.1.1] AndroidManifest.xml:25:5-20
MERGED from [com.android.support:appcompat-v7:25.1.1] AndroidManifest.xml:25:5-20
MERGED from [com.android.support:appcompat-v7:25.1.1] AndroidManifest.xml:25:5-20
MERGED from [com.twitter.sdk.android:twitter:2.0.0] AndroidManifest.xml:25:5-20
MERGED from [com.twitter.sdk.android:twitter:2.0.0] AndroidManifest.xml:25:5-20
MERGED from [com.twitter.sdk.android:tweet-composer:2.0.0] AndroidManifest.xml:27:5-37:19
MERGED from [com.twitter.sdk.android:tweet-composer:2.0.0] AndroidManifest.xml:27:5-37:19
MERGED from [com.twitter.sdk.android:tweet-ui:2.0.0] AndroidManifest.xml:27:5-35:19
MERGED from [com.twitter.sdk.android:tweet-ui:2.0.0] AndroidManifest.xml:27:5-35:19
MERGED from [com.twitter.sdk.android:twitter-core:2.0.0] AndroidManifest.xml:27:5-40:19
MERGED from [com.twitter.sdk.android:twitter-core:2.0.0] AndroidManifest.xml:27:5-40:19
MERGED from [com.google.android.gms:play-services-gcm:10.2.1] AndroidManifest.xml:23:5-19
MERGED from [com.google.android.gms:play-services-gcm:10.2.1] AndroidManifest.xml:23:5-19
MERGED from [com.google.android.gms:play-services-location:10.2.1] AndroidManifest.xml:4:5-19
MERGED from [com.google.android.gms:play-services-location:10.2.1] AndroidManifest.xml:4:5-19
MERGED from [com.facebook.android:facebook-android-sdk:4.5.0] AndroidManifest.xml:28:5-20
MERGED from [com.facebook.android:facebook-android-sdk:4.5.0] AndroidManifest.xml:28:5-20
MERGED from [com.android.support:animated-vector-drawable:25.1.1] AndroidManifest.xml:22:5-20
MERGED from [com.android.support:animated-vector-drawable:25.1.1] AndroidManifest.xml:22:5-20
MERGED from [com.android.support:support-vector-drawable:25.1.1] AndroidManifest.xml:23:5-20
MERGED from [com.android.support:support-vector-drawable:25.1.1] AndroidManifest.xml:23:5-20
MERGED from [com.android.support:transition:25.1.1] AndroidManifest.xml:22:5-20
MERGED from [com.android.support:transition:25.1.1] AndroidManifest.xml:22:5-20
MERGED from [com.google.android.gms:play-services-iid:10.2.1] AndroidManifest.xml:23:5-19
MERGED from [com.google.android.gms:play-services-iid:10.2.1] AndroidManifest.xml:23:5-19
MERGED from [com.google.android.gms:play-services-base:10.2.1] AndroidManifest.xml:18:5-20:19
MERGED from [com.google.android.gms:play-services-base:10.2.1] AndroidManifest.xml:18:5-20:19
MERGED from [com.google.android.gms:play-services-tasks:10.2.1] AndroidManifest.xml:4:5-19
MERGED from [com.google.android.gms:play-services-tasks:10.2.1] AndroidManifest.xml:4:5-19
MERGED from [com.google.android.gms:play-services-basement:10.2.1] AndroidManifest.xml:19:5-21:19
MERGED from [com.google.android.gms:play-services-basement:10.2.1] AndroidManifest.xml:19:5-21:19
MERGED from [com.android.support:support-v4:25.1.1] AndroidManifest.xml:25:5-20
MERGED from [com.android.support:support-v4:25.1.1] AndroidManifest.xml:25:5-20
MERGED from [com.android.support:support-fragment:25.1.1] AndroidManifest.xml:25:5-20
MERGED from [com.android.support:support-fragment:25.1.1] AndroidManifest.xml:25:5-20
MERGED from [com.android.support:support-core-ui:25.1.1] AndroidManifest.xml:25:5-20
MERGED from [com.android.support:support-core-ui:25.1.1] AndroidManifest.xml:25:5-20
MERGED from [com.android.support:support-media-compat:25.1.1] AndroidManifest.xml:25:5-20
MERGED from [com.android.support:support-media-compat:25.1.1] AndroidManifest.xml:25:5-20
MERGED from [com.android.support:support-core-utils:25.1.1] AndroidManifest.xml:25:5-20
MERGED from [com.android.support:support-core-utils:25.1.1] AndroidManifest.xml:25:5-20
MERGED from [com.android.support:support-compat:25.1.1] AndroidManifest.xml:25:5-20
MERGED from [com.android.support:support-compat:25.1.1] AndroidManifest.xml:25:5-20
MERGED from [io.fabric.sdk.android:fabric:1.3.13] AndroidManifest.xml:27:5-20
MERGED from [io.fabric.sdk.android:fabric:1.3.13] AndroidManifest.xml:27:5-20
	android:supportsRtl
		ADDED from src/main/AndroidManifest.xml:5:114-140
	android:label
		ADDED from src/main/AndroidManifest.xml:5:81-113
	android:hardwareAccelerated
		ADDED from src/main/AndroidManifest.xml:5:18-52
	android:allowBackup
		ADDED from [com.popdeem.sdk:sdk:1.2.9.8] AndroidManifest.xml:12:9-35
	android:icon
		ADDED from src/main/AndroidManifest.xml:5:53-80
activity#io.cordova.hellocordova.MainActivity
ADDED from src/main/AndroidManifest.xml:6:9-11:20
	android:label
		ADDED from src/main/AndroidManifest.xml:6:97-134
	android:launchMode
		ADDED from src/main/AndroidManifest.xml:6:135-165
	android:windowSoftInputMode
		ADDED from src/main/AndroidManifest.xml:6:257-299
	android:configChanges
		ADDED from src/main/AndroidManifest.xml:6:19-96
	android:theme
		ADDED from src/main/AndroidManifest.xml:6:194-256
	android:name
		ADDED from src/main/AndroidManifest.xml:6:166-193
intent-filter#android.intent.action.MAIN+android.intent.category.LAUNCHER
ADDED from src/main/AndroidManifest.xml:7:13-10:29
	android:label
		ADDED from src/main/AndroidManifest.xml:7:28-65
action#android.intent.action.MAIN
ADDED from src/main/AndroidManifest.xml:8:17-69
	android:name
		ADDED from src/main/AndroidManifest.xml:8:25-66
category#android.intent.category.LAUNCHER
ADDED from src/main/AndroidManifest.xml:9:17-77
	android:name
		ADDED from src/main/AndroidManifest.xml:9:27-74
meta-data#com.popdeem.sdk.ApiKey
ADDED from src/main/AndroidManifest.xml:12:9-113
	android:value
		ADDED from src/main/AndroidManifest.xml:12:58-110
	android:name
		ADDED from src/main/AndroidManifest.xml:12:20-57
meta-data#com.facebook.sdk.ApplicationId
ADDED from src/main/AndroidManifest.xml:13:9-116
	android:value
		ADDED from src/main/AndroidManifest.xml:13:66-113
	android:name
		ADDED from src/main/AndroidManifest.xml:13:20-65
meta-data#TwitterConsumerKey
ADDED from src/main/AndroidManifest.xml:14:9-98
	android:value
		ADDED from src/main/AndroidManifest.xml:14:54-95
	android:name
		ADDED from src/main/AndroidManifest.xml:14:20-53
meta-data#TwitterConsumerSecret
ADDED from src/main/AndroidManifest.xml:15:9-126
	android:value
		ADDED from src/main/AndroidManifest.xml:15:57-123
	android:name
		ADDED from src/main/AndroidManifest.xml:15:20-56
meta-data#InstagramClientId
ADDED from src/main/AndroidManifest.xml:16:9-104
	android:value
		ADDED from src/main/AndroidManifest.xml:16:53-101
	android:name
		ADDED from src/main/AndroidManifest.xml:16:20-52
meta-data#InstagramClientSecret
ADDED from src/main/AndroidManifest.xml:17:9-108
	android:value
		ADDED from src/main/AndroidManifest.xml:17:57-105
	android:name
		ADDED from src/main/AndroidManifest.xml:17:20-56
meta-data#InstagramCallbackUrl
ADDED from src/main/AndroidManifest.xml:18:9-109
	android:value
		ADDED from src/main/AndroidManifest.xml:18:56-106
	android:name
		ADDED from src/main/AndroidManifest.xml:18:20-55
activity#com.facebook.FacebookActivity
ADDED from src/main/AndroidManifest.xml:19:9-243
	android:label
		ADDED from src/main/AndroidManifest.xml:19:103-135
	android:configChanges
		ADDED from src/main/AndroidManifest.xml:19:19-102
	android:theme
		ADDED from src/main/AndroidManifest.xml:19:181-240
	android:name
		ADDED from src/main/AndroidManifest.xml:19:136-180
uses-sdk
ADDED from src/main/AndroidManifest.xml:21:5-74
MERGED from [com.popdeem.sdk:sdk:1.2.9.8] AndroidManifest.xml:7:5-9:41
MERGED from [com.popdeem.sdk:sdk:1.2.9.8] AndroidManifest.xml:7:5-9:41
MERGED from [:CordovaLib] AndroidManifest.xml:25:5-44
MERGED from [:CordovaLib] AndroidManifest.xml:25:5-44
MERGED from [io.realm:realm-android-library:1.2.0] AndroidManifest.xml:5:5-7:41
MERGED from [io.realm:realm-android-library:1.2.0] AndroidManifest.xml:5:5-7:41
MERGED from [com.android.support:design:25.1.1] AndroidManifest.xml:21:5-23:62
MERGED from [com.android.support:design:25.1.1] AndroidManifest.xml:21:5-23:62
MERGED from [com.android.support:appcompat-v7:25.1.1] AndroidManifest.xml:21:5-23:78
MERGED from [com.android.support:appcompat-v7:25.1.1] AndroidManifest.xml:21:5-23:78
MERGED from [com.twitter.sdk.android:twitter:2.0.0] AndroidManifest.xml:23:5-44
MERGED from [com.twitter.sdk.android:twitter:2.0.0] AndroidManifest.xml:23:5-44
MERGED from [com.twitter.sdk.android:tweet-composer:2.0.0] AndroidManifest.xml:23:5-44
MERGED from [com.twitter.sdk.android:tweet-composer:2.0.0] AndroidManifest.xml:23:5-44
MERGED from [com.twitter.sdk.android:tweet-ui:2.0.0] AndroidManifest.xml:23:5-44
MERGED from [com.twitter.sdk.android:tweet-ui:2.0.0] AndroidManifest.xml:23:5-44
MERGED from [com.twitter.sdk.android:twitter-core:2.0.0] AndroidManifest.xml:23:5-44
MERGED from [com.twitter.sdk.android:twitter-core:2.0.0] AndroidManifest.xml:23:5-44
MERGED from [com.google.android.gms:play-services-gcm:10.2.1] AndroidManifest.xml:17:5-43
MERGED from [com.google.android.gms:play-services-gcm:10.2.1] AndroidManifest.xml:17:5-43
MERGED from [com.google.android.gms:play-services-location:10.2.1] AndroidManifest.xml:3:5-43
MERGED from [com.google.android.gms:play-services-location:10.2.1] AndroidManifest.xml:3:5-43
MERGED from [com.facebook.android:facebook-android-sdk:4.5.0] AndroidManifest.xml:24:5-26:41
MERGED from [com.facebook.android:facebook-android-sdk:4.5.0] AndroidManifest.xml:24:5-26:41
MERGED from [com.soundcloud.android:android-crop:1.0.1] AndroidManifest.xml:6:5-8:41
MERGED from [com.soundcloud.android:android-crop:1.0.1] AndroidManifest.xml:6:5-8:41
MERGED from [com.wang.avi:library:2.1.3] AndroidManifest.xml:7:5-9:41
MERGED from [com.wang.avi:library:2.1.3] AndroidManifest.xml:7:5-9:41
MERGED from [com.getkeepsafe.relinker:relinker:1.2.1] AndroidManifest.xml:7:5-43
MERGED from [com.getkeepsafe.relinker:relinker:1.2.1] AndroidManifest.xml:7:5-43
MERGED from [com.android.support:animated-vector-drawable:25.1.1] AndroidManifest.xml:20:5-44
MERGED from [com.android.support:animated-vector-drawable:25.1.1] AndroidManifest.xml:20:5-44
MERGED from [com.android.support:support-vector-drawable:25.1.1] AndroidManifest.xml:21:5-43
MERGED from [com.android.support:support-vector-drawable:25.1.1] AndroidManifest.xml:21:5-43
MERGED from [com.android.support:recyclerview-v7:25.1.1] AndroidManifest.xml:20:5-43
MERGED from [com.android.support:recyclerview-v7:25.1.1] AndroidManifest.xml:20:5-43
MERGED from [com.android.support:transition:25.1.1] AndroidManifest.xml:20:5-44
MERGED from [com.android.support:transition:25.1.1] AndroidManifest.xml:20:5-44
MERGED from [com.google.android.gms:play-services-iid:10.2.1] AndroidManifest.xml:17:5-43
MERGED from [com.google.android.gms:play-services-iid:10.2.1] AndroidManifest.xml:17:5-43
MERGED from [com.google.android.gms:play-services-base:10.2.1] AndroidManifest.xml:17:5-43
MERGED from [com.google.android.gms:play-services-base:10.2.1] AndroidManifest.xml:17:5-43
MERGED from [com.google.android.gms:play-services-tasks:10.2.1] AndroidManifest.xml:3:5-43
MERGED from [com.google.android.gms:play-services-tasks:10.2.1] AndroidManifest.xml:3:5-43
MERGED from [com.google.android.gms:play-services-basement:10.2.1] AndroidManifest.xml:17:5-43
MERGED from [com.google.android.gms:play-services-basement:10.2.1] AndroidManifest.xml:17:5-43
MERGED from [com.android.support:support-v4:25.1.1] AndroidManifest.xml:21:5-23:54
MERGED from [com.android.support:support-v4:25.1.1] AndroidManifest.xml:21:5-23:54
MERGED from [com.android.support:support-fragment:25.1.1] AndroidManifest.xml:21:5-23:60
MERGED from [com.android.support:support-fragment:25.1.1] AndroidManifest.xml:21:5-23:60
MERGED from [com.android.support:support-core-ui:25.1.1] AndroidManifest.xml:21:5-23:58
MERGED from [com.android.support:support-core-ui:25.1.1] AndroidManifest.xml:21:5-23:58
MERGED from [com.android.support:support-media-compat:25.1.1] AndroidManifest.xml:21:5-23:63
MERGED from [com.android.support:support-media-compat:25.1.1] AndroidManifest.xml:21:5-23:63
MERGED from [com.android.support:support-core-utils:25.1.1] AndroidManifest.xml:21:5-23:61
MERGED from [com.android.support:support-core-utils:25.1.1] AndroidManifest.xml:21:5-23:61
MERGED from [com.android.support:support-compat:25.1.1] AndroidManifest.xml:21:5-23:58
MERGED from [com.android.support:support-compat:25.1.1] AndroidManifest.xml:21:5-23:58
MERGED from [io.fabric.sdk.android:fabric:1.3.13] AndroidManifest.xml:23:5-43
MERGED from [io.fabric.sdk.android:fabric:1.3.13] AndroidManifest.xml:23:5-43
	tools:overrideLibrary
		ADDED from [com.android.support:design:25.1.1] AndroidManifest.xml:23:9-59
	android:targetSdkVersion
		ADDED from src/main/AndroidManifest.xml:21:42-71
	android:minSdkVersion
		ADDED from src/main/AndroidManifest.xml:21:15-41
uses-permission#android.permission.ACCESS_FINE_LOCATION
ADDED from src/main/AndroidManifest.xml:22:5-79
	android:name
		ADDED from src/main/AndroidManifest.xml:22:22-76
uses-permission#android.permission.ACCESS_COARSE_LOCATION
ADDED from src/main/AndroidManifest.xml:23:5-81
	android:name
		ADDED from src/main/AndroidManifest.xml:23:22-78
uses-permission#android.permission.WRITE_EXTERNAL_STORAGE
ADDED from src/main/AndroidManifest.xml:24:5-81
	android:name
		ADDED from src/main/AndroidManifest.xml:24:22-78
uses-permission#android.permission.ACCESS_NETWORK_STATE
ADDED from src/main/AndroidManifest.xml:25:5-79
	android:name
		ADDED from src/main/AndroidManifest.xml:25:22-76
activity#com.popdeem.sdk.uikit.activity.PDUIHomeFlowActivity
ADDED from [com.popdeem.sdk:sdk:1.2.9.8] AndroidManifest.xml:15:9-19:66
	android:screenOrientation
		ADDED from [com.popdeem.sdk:sdk:1.2.9.8] AndroidManifest.xml:18:13-49
	android:label
		ADDED from [com.popdeem.sdk:sdk:1.2.9.8] AndroidManifest.xml:17:13-52
	android:theme
		ADDED from [com.popdeem.sdk:sdk:1.2.9.8] AndroidManifest.xml:19:13-63
	android:name
		ADDED from [com.popdeem.sdk:sdk:1.2.9.8] AndroidManifest.xml:16:13-79
activity#com.popdeem.sdk.uikit.activity.PDUIFeedImageActivity
ADDED from [com.popdeem.sdk:sdk:1.2.9.8] AndroidManifest.xml:20:9-24:66
	android:screenOrientation
		ADDED from [com.popdeem.sdk:sdk:1.2.9.8] AndroidManifest.xml:23:13-49
	android:label
		ADDED from [com.popdeem.sdk:sdk:1.2.9.8] AndroidManifest.xml:22:13-52
	android:theme
		ADDED from [com.popdeem.sdk:sdk:1.2.9.8] AndroidManifest.xml:24:13-63
	android:name
		ADDED from [com.popdeem.sdk:sdk:1.2.9.8] AndroidManifest.xml:21:13-80
activity#com.popdeem.sdk.uikit.activity.PDUIInboxActivity
ADDED from [com.popdeem.sdk:sdk:1.2.9.8] AndroidManifest.xml:25:9-29:66
	android:screenOrientation
		ADDED from [com.popdeem.sdk:sdk:1.2.9.8] AndroidManifest.xml:28:13-49
	android:label
		ADDED from [com.popdeem.sdk:sdk:1.2.9.8] AndroidManifest.xml:27:13-52
	android:theme
		ADDED from [com.popdeem.sdk:sdk:1.2.9.8] AndroidManifest.xml:29:13-63
	android:name
		ADDED from [com.popdeem.sdk:sdk:1.2.9.8] AndroidManifest.xml:26:13-76
activity#com.popdeem.sdk.uikit.activity.PDUIClaimActivity
ADDED from [com.popdeem.sdk:sdk:1.2.9.8] AndroidManifest.xml:30:9-35:63
	android:screenOrientation
		ADDED from [com.popdeem.sdk:sdk:1.2.9.8] AndroidManifest.xml:33:13-49
	android:label
		ADDED from [com.popdeem.sdk:sdk:1.2.9.8] AndroidManifest.xml:32:13-52
	android:windowSoftInputMode
		ADDED from [com.popdeem.sdk:sdk:1.2.9.8] AndroidManifest.xml:35:13-60
	android:theme
		ADDED from [com.popdeem.sdk:sdk:1.2.9.8] AndroidManifest.xml:34:13-79
	android:name
		ADDED from [com.popdeem.sdk:sdk:1.2.9.8] AndroidManifest.xml:31:13-76
activity#com.popdeem.sdk.uikit.activity.PDUIRedeemActivity
ADDED from [com.popdeem.sdk:sdk:1.2.9.8] AndroidManifest.xml:36:9-40:82
	android:screenOrientation
		ADDED from [com.popdeem.sdk:sdk:1.2.9.8] AndroidManifest.xml:39:13-49
	android:label
		ADDED from [com.popdeem.sdk:sdk:1.2.9.8] AndroidManifest.xml:38:13-52
	android:theme
		ADDED from [com.popdeem.sdk:sdk:1.2.9.8] AndroidManifest.xml:40:13-79
	android:name
		ADDED from [com.popdeem.sdk:sdk:1.2.9.8] AndroidManifest.xml:37:13-77
activity#com.soundcloud.android.crop.CropImageActivity
ADDED from [com.popdeem.sdk:sdk:1.2.9.8] AndroidManifest.xml:41:9-43:52
	android:screenOrientation
		ADDED from [com.popdeem.sdk:sdk:1.2.9.8] AndroidManifest.xml:43:13-49
	android:name
		ADDED from [com.popdeem.sdk:sdk:1.2.9.8] AndroidManifest.xml:42:13-73
activity#com.popdeem.sdk.uikit.activity.PDUISettingsActivity
ADDED from [com.popdeem.sdk:sdk:1.2.9.8] AndroidManifest.xml:44:9-48:82
	android:screenOrientation
		ADDED from [com.popdeem.sdk:sdk:1.2.9.8] AndroidManifest.xml:47:13-49
	android:label
		ADDED from [com.popdeem.sdk:sdk:1.2.9.8] AndroidManifest.xml:46:13-52
	android:theme
		ADDED from [com.popdeem.sdk:sdk:1.2.9.8] AndroidManifest.xml:48:13-79
	android:name
		ADDED from [com.popdeem.sdk:sdk:1.2.9.8] AndroidManifest.xml:45:13-79
activity#com.popdeem.sdk.uikit.activity.PDUISelectNetworkActivity
ADDED from [com.popdeem.sdk:sdk:1.2.9.8] AndroidManifest.xml:49:9-54:63
	android:screenOrientation
		ADDED from [com.popdeem.sdk:sdk:1.2.9.8] AndroidManifest.xml:52:13-49
	android:label
		ADDED from [com.popdeem.sdk:sdk:1.2.9.8] AndroidManifest.xml:51:13-52
	android:windowSoftInputMode
		ADDED from [com.popdeem.sdk:sdk:1.2.9.8] AndroidManifest.xml:54:13-60
	android:theme
		ADDED from [com.popdeem.sdk:sdk:1.2.9.8] AndroidManifest.xml:53:13-79
	android:name
		ADDED from [com.popdeem.sdk:sdk:1.2.9.8] AndroidManifest.xml:50:13-84
activity#com.popdeem.sdk.uikit.activity.PDUIScanActivity
ADDED from [com.popdeem.sdk:sdk:1.2.9.8] AndroidManifest.xml:55:9-60:63
	android:screenOrientation
		ADDED from [com.popdeem.sdk:sdk:1.2.9.8] AndroidManifest.xml:58:13-49
	android:label
		ADDED from [com.popdeem.sdk:sdk:1.2.9.8] AndroidManifest.xml:57:13-52
	android:windowSoftInputMode
		ADDED from [com.popdeem.sdk:sdk:1.2.9.8] AndroidManifest.xml:60:13-60
	android:theme
		ADDED from [com.popdeem.sdk:sdk:1.2.9.8] AndroidManifest.xml:59:13-79
	android:name
		ADDED from [com.popdeem.sdk:sdk:1.2.9.8] AndroidManifest.xml:56:13-75
meta-data#io.fabric.ApiKey
ADDED from [com.popdeem.sdk:sdk:1.2.9.8] AndroidManifest.xml:62:9-64:72
	android:value
		ADDED from [com.popdeem.sdk:sdk:1.2.9.8] AndroidManifest.xml:64:13-69
	android:name
		ADDED from [com.popdeem.sdk:sdk:1.2.9.8] AndroidManifest.xml:63:13-44
receiver#com.popdeem.sdk.core.gcm.GCMBroadcastReceiver
ADDED from [com.popdeem.sdk:sdk:1.2.9.8] AndroidManifest.xml:66:9-72:20
	android:permission
		ADDED from [com.popdeem.sdk:sdk:1.2.9.8] AndroidManifest.xml:68:13-73
	android:name
		ADDED from [com.popdeem.sdk:sdk:1.2.9.8] AndroidManifest.xml:67:13-73
intent-filter#com.google.android.c2dm.intent.RECEIVE
ADDED from [com.popdeem.sdk:sdk:1.2.9.8] AndroidManifest.xml:69:13-71:29
action#com.google.android.c2dm.intent.RECEIVE
ADDED from [com.popdeem.sdk:sdk:1.2.9.8] AndroidManifest.xml:70:17-81
	android:name
		ADDED from [com.popdeem.sdk:sdk:1.2.9.8] AndroidManifest.xml:70:25-78
service#com.popdeem.sdk.core.gcm.GCMIntentService
ADDED from [com.popdeem.sdk:sdk:1.2.9.8] AndroidManifest.xml:74:9-77
	android:name
		ADDED from [com.popdeem.sdk:sdk:1.2.9.8] AndroidManifest.xml:74:18-74
activity#com.twitter.sdk.android.tweetcomposer.ComposerActivity
ADDED from [com.twitter.sdk.android:tweet-composer:2.0.0] AndroidManifest.xml:28:9-31:71
	android:windowSoftInputMode
		ADDED from [com.twitter.sdk.android:tweet-composer:2.0.0] AndroidManifest.xml:31:13-68
	android:exported
		ADDED from [com.twitter.sdk.android:tweet-composer:2.0.0] AndroidManifest.xml:30:13-37
	android:name
		ADDED from [com.twitter.sdk.android:tweet-composer:2.0.0] AndroidManifest.xml:29:13-82
service#com.twitter.sdk.android.tweetcomposer.TweetUploadService
ADDED from [com.twitter.sdk.android:tweet-composer:2.0.0] AndroidManifest.xml:33:9-36:40
	android:enabled
		ADDED from [com.twitter.sdk.android:tweet-composer:2.0.0] AndroidManifest.xml:35:13-35
	android:exported
		ADDED from [com.twitter.sdk.android:tweet-composer:2.0.0] AndroidManifest.xml:36:13-37
	android:name
		ADDED from [com.twitter.sdk.android:tweet-composer:2.0.0] AndroidManifest.xml:34:13-84
activity#com.twitter.sdk.android.tweetui.PlayerActivity
ADDED from [com.twitter.sdk.android:tweet-ui:2.0.0] AndroidManifest.xml:28:9-31:49
	android:configChanges
		ADDED from [com.twitter.sdk.android:tweet-ui:2.0.0] AndroidManifest.xml:30:13-74
	android:theme
		ADDED from [com.twitter.sdk.android:tweet-ui:2.0.0] AndroidManifest.xml:31:13-46
	android:name
		ADDED from [com.twitter.sdk.android:tweet-ui:2.0.0] AndroidManifest.xml:29:13-74
activity#com.twitter.sdk.android.tweetui.GalleryActivity
ADDED from [com.twitter.sdk.android:tweet-ui:2.0.0] AndroidManifest.xml:32:9-34:49
	android:theme
		ADDED from [com.twitter.sdk.android:tweet-ui:2.0.0] AndroidManifest.xml:34:13-46
	android:name
		ADDED from [com.twitter.sdk.android:tweet-ui:2.0.0] AndroidManifest.xml:33:13-75
activity#com.twitter.sdk.android.core.identity.OAuthActivity
ADDED from [com.twitter.sdk.android:twitter-core:2.0.0] AndroidManifest.xml:28:9-32:40
	android:excludeFromRecents
		ADDED from [com.twitter.sdk.android:twitter-core:2.0.0] AndroidManifest.xml:31:13-46
	android:exported
		ADDED from [com.twitter.sdk.android:twitter-core:2.0.0] AndroidManifest.xml:32:13-37
	android:configChanges
		ADDED from [com.twitter.sdk.android:twitter-core:2.0.0] AndroidManifest.xml:30:13-59
	android:name
		ADDED from [com.twitter.sdk.android:twitter-core:2.0.0] AndroidManifest.xml:29:13-79
activity#com.twitter.sdk.android.core.identity.ShareEmailActivity
ADDED from [com.twitter.sdk.android:twitter-core:2.0.0] AndroidManifest.xml:33:9-39:48
	android:label
		ADDED from [com.twitter.sdk.android:twitter-core:2.0.0] AndroidManifest.xml:39:13-45
	android:excludeFromRecents
		ADDED from [com.twitter.sdk.android:twitter-core:2.0.0] AndroidManifest.xml:36:13-46
	android:exported
		ADDED from [com.twitter.sdk.android:twitter-core:2.0.0] AndroidManifest.xml:37:13-37
	android:configChanges
		ADDED from [com.twitter.sdk.android:twitter-core:2.0.0] AndroidManifest.xml:35:13-59
	android:icon
		ADDED from [com.twitter.sdk.android:twitter-core:2.0.0] AndroidManifest.xml:38:13-53
	android:name
		ADDED from [com.twitter.sdk.android:twitter-core:2.0.0] AndroidManifest.xml:34:13-84
uses-permission#com.google.android.c2dm.permission.RECEIVE
ADDED from [com.google.android.gms:play-services-gcm:10.2.1] AndroidManifest.xml:20:5-81
MERGED from [com.google.android.gms:play-services-iid:10.2.1] AndroidManifest.xml:20:5-81
MERGED from [com.google.android.gms:play-services-iid:10.2.1] AndroidManifest.xml:20:5-81
	android:name
		ADDED from [com.google.android.gms:play-services-gcm:10.2.1] AndroidManifest.xml:20:22-79
activity#com.google.android.gms.common.api.GoogleApiActivity
ADDED from [com.google.android.gms:play-services-base:10.2.1] AndroidManifest.xml:19:9-172
	android:exported
		ADDED from [com.google.android.gms:play-services-base:10.2.1] AndroidManifest.xml:19:146-170
	android:theme
		ADDED from [com.google.android.gms:play-services-base:10.2.1] AndroidManifest.xml:19:86-145
	android:name
		ADDED from [com.google.android.gms:play-services-base:10.2.1] AndroidManifest.xml:19:19-85
meta-data#com.google.android.gms.version
ADDED from [com.google.android.gms:play-services-basement:10.2.1] AndroidManifest.xml:20:9-121
	android:value
		ADDED from [com.google.android.gms:play-services-basement:10.2.1] AndroidManifest.xml:20:66-119
	android:name
		ADDED from [com.google.android.gms:play-services-basement:10.2.1] AndroidManifest.xml:20:20-65